{"contracts/contracts/SimpleProvenanceContract.sol":{"l":{"35":1,"36":1,"37":1,"41":0,"42":0,"46":0,"47":0,"48":0,"52":0,"53":0,"61":0,"65":0,"78":0,"85":0,"93":0,"104":0},"path":"/home/vauvenal5/repos/github/ProvNet/contracts/contracts/SimpleProvenanceContract.sol","s":{"1":0,"2":0,"3":0,"4":0,"5":0,"6":0},"b":{"1":[0,0],"2":[0,0],"3":[0,0]},"f":{"1":1,"2":0,"3":0,"4":0,"5":0,"6":0,"7":0,"8":0,"9":0,"10":0},"fnMap":{"1":{"name":null,"line":31,"loc":{"start":{"line":31,"column":4},"end":{"line":31,"column":22}}},"2":{"name":"notReserved","line":40,"loc":{"start":{"line":40,"column":4},"end":{"line":40,"column":37}}},"3":{"name":"isPingbackable","line":45,"loc":{"start":{"line":45,"column":4},"end":{"line":45,"column":44}}},"4":{"name":"validLinkType","line":51,"loc":{"start":{"line":51,"column":4},"end":{"line":51,"column":39}}},"5":{"name":"putProvenance","line":60,"loc":{"start":{"line":60,"column":4},"end":{"line":60,"column":96}}},"6":{"name":"getProvenance","line":64,"loc":{"start":{"line":64,"column":4},"end":{"line":64,"column":66}}},"7":{"name":"addPingback","line":75,"loc":{"start":{"line":75,"column":4},"end":{"line":77,"column":31}}},"8":{"name":"setHasProvenanceLink","line":81,"loc":{"start":{"line":81,"column":4},"end":{"line":84,"column":55}}},"9":{"name":"addLink","line":89,"loc":{"start":{"line":89,"column":4},"end":{"line":92,"column":55}}},"10":{"name":"addLinkType","line":100,"loc":{"start":{"line":100,"column":4},"end":{"line":103,"column":28}}}},"statementMap":{"1":{"start":{"line":41,"column":8},"end":{"line":41,"column":70}},"2":{"start":{"line":46,"column":8},"end":{"line":46,"column":63}},"3":{"start":{"line":47,"column":8},"end":{"line":47,"column":76}},"4":{"start":{"line":52,"column":8},"end":{"line":52,"column":85}},"5":{"start":{"line":61,"column":8},"end":{"line":61,"column":37}},"6":{"start":{"line":65,"column":8},"end":{"line":65,"column":31}}},"branchMap":{"1":{"line":41,"type":"if","locations":[{"start":{"line":41,"column":8},"end":{"line":41,"column":8}},{"start":{"line":41,"column":8},"end":{"line":41,"column":8}}]},"2":{"line":47,"type":"if","locations":[{"start":{"line":47,"column":8},"end":{"line":47,"column":8}},{"start":{"line":47,"column":8},"end":{"line":47,"column":8}}]},"3":{"line":52,"type":"if","locations":[{"start":{"line":52,"column":8},"end":{"line":52,"column":8}},{"start":{"line":52,"column":8},"end":{"line":52,"column":8}}]}}},"contracts/contracts/SwitchableRBACWithSuperuser.sol":{"l":{"13":6,"14":4,"18":5,"19":3,"23":5,"27":1,"31":2,"35":1},"path":"/home/vauvenal5/repos/github/ProvNet/contracts/contracts/SwitchableRBACWithSuperuser.sol","s":{"1":6,"2":5,"3":5,"4":1,"5":2,"6":1},"b":{"1":[4,2],"2":[3,2]},"f":{"1":6,"2":5,"3":5,"4":1,"5":2,"6":1},"fnMap":{"1":{"name":"onlyRoleOrOpenRole","line":12,"loc":{"start":{"line":12,"column":4},"end":{"line":12,"column":43}}},"2":{"name":"roleIsNotSuperuser","line":17,"loc":{"start":{"line":17,"column":4},"end":{"line":17,"column":43}}},"3":{"name":"addUser","line":22,"loc":{"start":{"line":22,"column":4},"end":{"line":22,"column":77}}},"4":{"name":"removeUser","line":26,"loc":{"start":{"line":26,"column":4},"end":{"line":26,"column":80}}},"5":{"name":"setRoleOpen","line":30,"loc":{"start":{"line":30,"column":4},"end":{"line":30,"column":92}}},"6":{"name":"setRoleClosed","line":34,"loc":{"start":{"line":34,"column":4},"end":{"line":34,"column":94}}}},"statementMap":{"1":{"start":{"line":13,"column":8},"end":{"line":13,"column":115}},"2":{"start":{"line":18,"column":8},"end":{"line":18,"column":108}},"3":{"start":{"line":23,"column":8},"end":{"line":23,"column":28}},"4":{"start":{"line":27,"column":8},"end":{"line":27,"column":31}},"5":{"start":{"line":31,"column":8},"end":{"line":31,"column":30}},"6":{"start":{"line":35,"column":8},"end":{"line":35,"column":31}}},"branchMap":{"1":{"line":13,"type":"if","locations":[{"start":{"line":13,"column":8},"end":{"line":13,"column":8}},{"start":{"line":13,"column":8},"end":{"line":13,"column":8}}]},"2":{"line":18,"type":"if","locations":[{"start":{"line":18,"column":8},"end":{"line":18,"column":8}},{"start":{"line":18,"column":8},"end":{"line":18,"column":8}}]}}},"contracts/libs/AddressUtils.sol":{"l":{"5":46},"path":"/home/vauvenal5/repos/github/ProvNet/contracts/libs/AddressUtils.sol","s":{"1":46},"b":{},"f":{"1":46},"fnMap":{"1":{"name":"toUint256","line":4,"loc":{"start":{"line":4,"column":4},"end":{"line":4,"column":70}}}},"statementMap":{"1":{"start":{"line":5,"column":8},"end":{"line":5,"column":32}}},"branchMap":{}},"contracts/libs/LinkedList/LinkedListExtensionLib.sol":{"l":{"29":5,"36":30,"43":30},"path":"/home/vauvenal5/repos/github/ProvNet/contracts/libs/LinkedList/LinkedListExtensionLib.sol","s":{"1":5,"2":30,"3":30},"b":{},"f":{"1":5,"2":30,"3":30},"fnMap":{"1":{"name":"getIterator","line":25,"loc":{"start":{"line":25,"column":4},"end":{"line":28,"column":45}}},"2":{"name":"isHead","line":32,"loc":{"start":{"line":32,"column":4},"end":{"line":35,"column":19}}},"3":{"name":"getAdjacentNext","line":39,"loc":{"start":{"line":39,"column":4},"end":{"line":42,"column":28}}}},"statementMap":{"1":{"start":{"line":29,"column":8},"end":{"line":29,"column":51}},"2":{"start":{"line":36,"column":8},"end":{"line":36,"column":27}},"3":{"start":{"line":43,"column":8},"end":{"line":43,"column":44}}},"branchMap":{}},"contracts/libs/LinkedList/LinkedListIteratorLib.sol":{"l":{"35":30,"37":30,"38":5,"41":25,"42":25,"43":25,"46":0},"path":"/home/vauvenal5/repos/github/ProvNet/contracts/libs/LinkedList/LinkedListIteratorLib.sol","s":{"1":30,"2":30,"3":5,"4":25,"5":25,"6":25,"7":0},"b":{"1":[5,25],"2":[25,0]},"f":{"1":30},"fnMap":{"1":{"name":"getNext","line":31,"loc":{"start":{"line":31,"column":4},"end":{"line":34,"column":28}}}},"statementMap":{"1":{"start":{"line":35,"column":8},"end":{"line":35,"column":78}},"2":{"start":{"line":37,"column":8},"end":{"line":37,"column":1138}},"3":{"start":{"line":38,"column":12},"end":{"line":38,"column":29}},"4":{"start":{"line":41,"column":8},"end":{"line":41,"column":1230}},"5":{"start":{"line":42,"column":12},"end":{"line":42,"column":30}},"6":{"start":{"line":43,"column":12},"end":{"line":43,"column":31}},"7":{"start":{"line":46,"column":8},"end":{"line":46,"column":25}}},"branchMap":{"1":{"line":37,"type":"if","locations":[{"start":{"line":37,"column":8},"end":{"line":37,"column":8}},{"start":{"line":37,"column":8},"end":{"line":37,"column":8}}]},"2":{"line":41,"type":"if","locations":[{"start":{"line":41,"column":8},"end":{"line":41,"column":8}},{"start":{"line":41,"column":8},"end":{"line":41,"column":8}}]}}},"contracts/libs/ProvLink/LinkListIteratorExtensionLib.sol":{"l":{"16":4,"17":4,"18":5,"20":5,"21":3,"24":2,"27":1,"33":15,"34":15,"35":20,"37":20,"38":11,"41":9,"43":4},"path":"/home/vauvenal5/repos/github/ProvNet/contracts/libs/ProvLink/LinkListIteratorExtensionLib.sol","s":{"1":4,"2":4,"3":5,"4":5,"5":3,"6":2,"7":1,"8":15,"9":15,"10":20,"11":20,"12":11,"13":9,"14":4},"b":{"1":[3,2],"2":[11,9]},"f":{"1":4,"2":15},"fnMap":{"1":{"name":"getNextByUrl","line":12,"loc":{"start":{"line":12,"column":4},"end":{"line":15,"column":29}}},"2":{"name":"getNextByType","line":30,"loc":{"start":{"line":30,"column":4},"end":{"line":32,"column":29}}}},"statementMap":{"1":{"start":{"line":16,"column":8},"end":{"line":16,"column":66}},"2":{"start":{"line":17,"column":8},"end":{"line":17,"column":583}},"3":{"start":{"line":18,"column":12},"end":{"line":18,"column":61}},"4":{"start":{"line":20,"column":12},"end":{"line":20,"column":681}},"5":{"start":{"line":21,"column":16},"end":{"line":21,"column":35}},"6":{"start":{"line":24,"column":12},"end":{"line":24,"column":57}},"7":{"start":{"line":27,"column":8},"end":{"line":27,"column":25}},"8":{"start":{"line":33,"column":8},"end":{"line":33,"column":66}},"9":{"start":{"line":34,"column":8},"end":{"line":34,"column":1120}},"10":{"start":{"line":35,"column":12},"end":{"line":35,"column":61}},"11":{"start":{"line":37,"column":12},"end":{"line":37,"column":1218}},"12":{"start":{"line":38,"column":16},"end":{"line":38,"column":35}},"13":{"start":{"line":41,"column":12},"end":{"line":41,"column":57}},"14":{"start":{"line":43,"column":8},"end":{"line":43,"column":25}}},"branchMap":{"1":{"line":20,"type":"if","locations":[{"start":{"line":20,"column":12},"end":{"line":20,"column":12}},{"start":{"line":20,"column":12},"end":{"line":20,"column":12}}]},"2":{"line":37,"type":"if","locations":[{"start":{"line":37,"column":12},"end":{"line":37,"column":12}},{"start":{"line":37,"column":12},"end":{"line":37,"column":12}}]}}},"contracts/libs/ProvLink/ProvLinkLib.sol":{"l":{"33":6,"34":6,"38":18,"39":18,"45":18,"47":18,"48":18,"49":18,"54":4,"55":4,"60":0,"66":6,"72":25,"79":25,"86":5},"path":"/home/vauvenal5/repos/github/ProvNet/contracts/libs/ProvLink/ProvLinkLib.sol","s":{"1":6,"2":18,"3":18,"4":18,"5":18,"6":6,"7":25,"8":25,"9":5},"b":{"1":[6,0],"2":[18,0]},"f":{"1":6,"2":18,"3":18,"4":4,"5":0,"6":6,"7":25,"8":25,"9":5},"fnMap":{"1":{"name":"linkExists","line":32,"loc":{"start":{"line":32,"column":4},"end":{"line":32,"column":59}}},"2":{"name":"linkDoesNotExist","line":37,"loc":{"start":{"line":37,"column":4},"end":{"line":37,"column":65}}},"3":{"name":"addLink","line":43,"loc":{"start":{"line":43,"column":4},"end":{"line":44,"column":39}}},"4":{"name":"addLink","line":53,"loc":{"start":{"line":53,"column":4},"end":{"line":53,"column":97}}},"5":{"name":"removeLink","line":58,"loc":{"start":{"line":58,"column":4},"end":{"line":59,"column":33}}},"6":{"name":"setLinkHasProvenance","line":64,"loc":{"start":{"line":64,"column":4},"end":{"line":65,"column":32}}},"7":{"name":"getLink","line":69,"loc":{"start":{"line":69,"column":4},"end":{"line":71,"column":40}}},"8":{"name":"getLink","line":76,"loc":{"start":{"line":76,"column":4},"end":{"line":78,"column":40}}},"9":{"name":"getIterator","line":82,"loc":{"start":{"line":82,"column":4},"end":{"line":85,"column":45}}}},"statementMap":{"1":{"start":{"line":33,"column":8},"end":{"line":33,"column":84}},"2":{"start":{"line":38,"column":8},"end":{"line":38,"column":86}},"3":{"start":{"line":47,"column":8},"end":{"line":47,"column":48}},"4":{"start":{"line":48,"column":8},"end":{"line":48,"column":42}},"5":{"start":{"line":49,"column":8},"end":{"line":49,"column":31}},"6":{"start":{"line":66,"column":8},"end":{"line":66,"column":65}},"7":{"start":{"line":72,"column":8},"end":{"line":72,"column":49}},"8":{"start":{"line":79,"column":8},"end":{"line":79,"column":35}},"9":{"start":{"line":86,"column":8},"end":{"line":86,"column":43}}},"branchMap":{"1":{"line":33,"type":"if","locations":[{"start":{"line":33,"column":8},"end":{"line":33,"column":8}},{"start":{"line":33,"column":8},"end":{"line":33,"column":8}}]},"2":{"line":38,"type":"if","locations":[{"start":{"line":38,"column":8},"end":{"line":38,"column":8}},{"start":{"line":38,"column":8},"end":{"line":38,"column":8}}]}}},"contracts/libs/ProvLink/ProvLinkQueryLib.sol":{"l":{"20":3,"21":3,"23":3,"24":3,"25":8,"26":8,"29":3,"35":1,"36":1,"38":1,"39":1,"40":3,"41":3,"44":1,"50":0,"51":0,"53":0,"54":0,"55":0,"56":0,"57":0,"59":0,"62":0,"68":1,"69":1,"70":1,"72":1,"73":1,"74":3,"75":3,"76":3,"79":1},"path":"/home/vauvenal5/repos/github/ProvNet/contracts/libs/ProvLink/ProvLinkQueryLib.sol","s":{"1":3,"2":3,"3":3,"4":3,"5":8,"6":8,"7":3,"8":1,"9":1,"10":1,"11":1,"12":3,"13":3,"14":1,"15":0,"16":0,"17":0,"18":0,"19":0,"20":0,"21":0,"22":0,"23":0,"24":1,"25":1,"26":1,"27":1,"28":1,"29":3,"30":3,"31":3,"32":1},"b":{"1":[0,0]},"f":{"1":3,"2":1,"3":0,"4":1},"fnMap":{"1":{"name":"getLinkCountForType","line":17,"loc":{"start":{"line":17,"column":4},"end":{"line":19,"column":23}}},"2":{"name":"getLinkCountForUrl","line":32,"loc":{"start":{"line":32,"column":4},"end":{"line":34,"column":23}}},"3":{"name":"getLinkCountForUrlAndType","line":47,"loc":{"start":{"line":47,"column":4},"end":{"line":49,"column":23}}},"4":{"name":"getLinkListForType","line":65,"loc":{"start":{"line":65,"column":4},"end":{"line":67,"column":25}}}},"statementMap":{"1":{"start":{"line":20,"column":8},"end":{"line":20,"column":74}},"2":{"start":{"line":21,"column":8},"end":{"line":21,"column":24}},"3":{"start":{"line":23,"column":8},"end":{"line":23,"column":73}},"4":{"start":{"line":24,"column":8},"end":{"line":24,"column":860}},"5":{"start":{"line":25,"column":12},"end":{"line":25,"column":31}},"6":{"start":{"line":26,"column":12},"end":{"line":26,"column":64}},"7":{"start":{"line":29,"column":8},"end":{"line":29,"column":20}},"8":{"start":{"line":35,"column":8},"end":{"line":35,"column":74}},"9":{"start":{"line":36,"column":8},"end":{"line":36,"column":24}},"10":{"start":{"line":38,"column":8},"end":{"line":38,"column":71}},"11":{"start":{"line":39,"column":8},"end":{"line":39,"column":1329}},"12":{"start":{"line":40,"column":12},"end":{"line":40,"column":31}},"13":{"start":{"line":41,"column":12},"end":{"line":41,"column":62}},"14":{"start":{"line":44,"column":8},"end":{"line":44,"column":20}},"15":{"start":{"line":50,"column":8},"end":{"line":50,"column":74}},"16":{"start":{"line":51,"column":8},"end":{"line":51,"column":24}},"17":{"start":{"line":53,"column":8},"end":{"line":53,"column":73}},"18":{"start":{"line":54,"column":8},"end":{"line":54,"column":1820}},"19":{"start":{"line":55,"column":12},"end":{"line":55,"column":61}},"20":{"start":{"line":56,"column":12},"end":{"line":56,"column":1917}},"21":{"start":{"line":57,"column":16},"end":{"line":57,"column":35}},"22":{"start":{"line":59,"column":12},"end":{"line":59,"column":64}},"23":{"start":{"line":62,"column":8},"end":{"line":62,"column":20}},"24":{"start":{"line":68,"column":8},"end":{"line":68,"column":78}},"25":{"start":{"line":69,"column":8},"end":{"line":69,"column":74}},"26":{"start":{"line":70,"column":8},"end":{"line":70,"column":24}},"27":{"start":{"line":72,"column":8},"end":{"line":72,"column":73}},"28":{"start":{"line":73,"column":8},"end":{"line":73,"column":2499}},"29":{"start":{"line":74,"column":12},"end":{"line":74,"column":42}},"30":{"start":{"line":75,"column":12},"end":{"line":75,"column":31}},"31":{"start":{"line":76,"column":12},"end":{"line":76,"column":63}},"32":{"start":{"line":79,"column":8},"end":{"line":79,"column":20}}},"branchMap":{"1":{"line":56,"type":"if","locations":[{"start":{"line":56,"column":12},"end":{"line":56,"column":12}},{"start":{"line":56,"column":12},"end":{"line":56,"column":12}}]}}},"contracts/libs/StringUtils.sol":{"l":{"5":8,"6":4,"9":4},"path":"/home/vauvenal5/repos/github/ProvNet/contracts/libs/StringUtils.sol","s":{"1":8,"2":4,"3":4},"b":{"1":[4,4]},"f":{"1":8},"fnMap":{"1":{"name":"equalHashWithLengthCheck","line":4,"loc":{"start":{"line":4,"column":4},"end":{"line":4,"column":88}}}},"statementMap":{"1":{"start":{"line":5,"column":8},"end":{"line":5,"column":158}},"2":{"start":{"line":6,"column":12},"end":{"line":6,"column":24}},"3":{"start":{"line":9,"column":8},"end":{"line":9,"column":83}}},"branchMap":{"1":{"line":5,"type":"if","locations":[{"start":{"line":5,"column":8},"end":{"line":5,"column":8}},{"start":{"line":5,"column":8},"end":{"line":5,"column":8}}]}}},"contracts/libs/TagLib.sol":{"l":{"26":0,"27":0,"31":3,"32":3,"36":0,"41":3,"42":3,"47":0,"48":0,"52":0,"59":0,"67":0,"68":0,"69":0,"71":0,"72":0,"73":0,"74":0,"75":0,"78":0},"path":"/home/vauvenal5/repos/github/ProvNet/contracts/libs/TagLib.sol","s":{"1":0,"2":3,"3":3,"4":0,"5":0,"6":0,"7":0,"8":0,"9":0,"10":0,"11":0,"12":0,"13":0,"14":0},"b":{"1":[0,0],"2":[3,0]},"f":{"1":0,"2":3,"3":0,"4":3,"5":0,"6":0,"7":0,"8":0},"fnMap":{"1":{"name":"tagExists","line":25,"loc":{"start":{"line":25,"column":4},"end":{"line":25,"column":55}}},"2":{"name":"tagDoesNotExist","line":30,"loc":{"start":{"line":30,"column":4},"end":{"line":30,"column":61}}},"3":{"name":"addTag","line":35,"loc":{"start":{"line":35,"column":4},"end":{"line":35,"column":57}}},"4":{"name":"addTag","line":39,"loc":{"start":{"line":39,"column":4},"end":{"line":40,"column":32}}},"5":{"name":"removeTag","line":45,"loc":{"start":{"line":45,"column":4},"end":{"line":46,"column":26}}},"6":{"name":"hasTag","line":51,"loc":{"start":{"line":51,"column":4},"end":{"line":51,"column":82}}},"7":{"name":"getTag","line":55,"loc":{"start":{"line":55,"column":4},"end":{"line":58,"column":18}}},"8":{"name":"toReturnValue","line":66,"loc":{"start":{"line":66,"column":4},"end":{"line":66,"column":76}}}},"statementMap":{"1":{"start":{"line":26,"column":8},"end":{"line":26,"column":64}},"2":{"start":{"line":31,"column":8},"end":{"line":31,"column":61}},"3":{"start":{"line":42,"column":8},"end":{"line":42,"column":39}},"4":{"start":{"line":48,"column":8},"end":{"line":48,"column":34}},"5":{"start":{"line":52,"column":8},"end":{"line":52,"column":42}},"6":{"start":{"line":59,"column":8},"end":{"line":59,"column":31}},"7":{"start":{"line":67,"column":8},"end":{"line":67,"column":66}},"8":{"start":{"line":68,"column":8},"end":{"line":68,"column":26}},"9":{"start":{"line":69,"column":8},"end":{"line":69,"column":79}},"10":{"start":{"line":71,"column":8},"end":{"line":71,"column":65}},"11":{"start":{"line":72,"column":8},"end":{"line":72,"column":2196}},"12":{"start":{"line":73,"column":12},"end":{"line":73,"column":33}},"13":{"start":{"line":75,"column":12},"end":{"line":75,"column":56}},"14":{"start":{"line":78,"column":8},"end":{"line":78,"column":21}}},"branchMap":{"1":{"line":26,"type":"if","locations":[{"start":{"line":26,"column":8},"end":{"line":26,"column":8}},{"start":{"line":26,"column":8},"end":{"line":26,"column":8}}]},"2":{"line":31,"type":"if","locations":[{"start":{"line":31,"column":8},"end":{"line":31,"column":8}},{"start":{"line":31,"column":8},"end":{"line":31,"column":8}}]}}},"contracts/libs/Uint256Utils.sol":{"l":{"5":29},"path":"/home/vauvenal5/repos/github/ProvNet/contracts/libs/Uint256Utils.sol","s":{"1":29},"b":{},"f":{"1":29},"fnMap":{"1":{"name":"toAddress","line":4,"loc":{"start":{"line":4,"column":4},"end":{"line":4,"column":70}}}},"statementMap":{"1":{"start":{"line":5,"column":8},"end":{"line":5,"column":32}}},"branchMap":{}}}